0 info it worked if it ends with ok
1 verbose cli [ '/usr/local/bin/node', '/usr/local/bin/npm', 'run', 'build' ]
2 info using npm@4.1.2
3 info using node@v7.6.0
4 verbose run-script [ 'prebuild', 'build', 'postbuild' ]
5 info lifecycle express-visualizer@0.0.1~prebuild: express-visualizer@0.0.1
6 silly lifecycle express-visualizer@0.0.1~prebuild: no script for prebuild, continuing
7 info lifecycle express-visualizer@0.0.1~build: express-visualizer@0.0.1
8 verbose lifecycle express-visualizer@0.0.1~build: unsafe-perm in lifecycle true
9 verbose lifecycle express-visualizer@0.0.1~build: PATH: /usr/local/lib/node_modules/npm/bin/node-gyp-bin:/Users/petulantslacker/Documents/HTW/IC1/express-visualizer-wrapper/lib/express-visualizer/node_modules/.bin:/Users/petulantslacker/.rvm/gems/ruby-2.3.0/bin:/Users/petulantslacker/.rvm/gems/ruby-2.3.0@global/bin:/Users/petulantslacker/.rvm/rubies/ruby-2.3.0/bin:/usr/local/bin:/usr/bin:/bin:/usr/sbin:/sbin:/usr/local/share/dotnet:/Library/Frameworks/Mono.framework/Versions/Current/Commands:/Users/petulantslacker/Library/Android/sdk/tools:/Users/petulantslacker/Library/Android/sdk/platform-tools:/Users/petulantslacker/.rvm/bin
10 verbose lifecycle express-visualizer@0.0.1~build: CWD: /Users/petulantslacker/Documents/HTW/IC1/express-visualizer-wrapper/lib/express-visualizer
11 silly lifecycle express-visualizer@0.0.1~build: Args: [ '-c', 'webpack' ]
12 silly lifecycle express-visualizer@0.0.1~build: Returned: code: 1  signal: null
13 info lifecycle express-visualizer@0.0.1~build: Failed to exec build script
14 verbose stack Error: express-visualizer@0.0.1 build: `webpack`
14 verbose stack Exit status 1
14 verbose stack     at EventEmitter.<anonymous> (/usr/local/lib/node_modules/npm/lib/utils/lifecycle.js:279:16)
14 verbose stack     at emitTwo (events.js:106:13)
14 verbose stack     at EventEmitter.emit (events.js:192:7)
14 verbose stack     at ChildProcess.<anonymous> (/usr/local/lib/node_modules/npm/lib/utils/spawn.js:40:14)
14 verbose stack     at emitTwo (events.js:106:13)
14 verbose stack     at ChildProcess.emit (events.js:192:7)
14 verbose stack     at maybeClose (internal/child_process.js:890:16)
14 verbose stack     at Process.ChildProcess._handle.onexit (internal/child_process.js:226:5)
15 verbose pkgid express-visualizer@0.0.1
16 verbose cwd /Users/petulantslacker/Documents/HTW/IC1/express-visualizer-wrapper/lib/express-visualizer
17 error Darwin 16.7.0
18 error argv "/usr/local/bin/node" "/usr/local/bin/npm" "run" "build"
19 error node v7.6.0
20 error npm  v4.1.2
21 error code ELIFECYCLE
22 error express-visualizer@0.0.1 build: `webpack`
22 error Exit status 1
23 error Failed at the express-visualizer@0.0.1 build script 'webpack'.
23 error Make sure you have the latest version of node.js and npm installed.
23 error If you do, this is most likely a problem with the express-visualizer package,
23 error not with npm itself.
23 error Tell the author that this fails on your system:
23 error     webpack
23 error You can get information on how to open an issue for this project with:
23 error     npm bugs express-visualizer
23 error Or if that isn't available, you can get their info via:
23 error     npm owner ls express-visualizer
23 error There is likely additional logging output above.
24 verbose exit [ 1, true ]
